<?xml version="1.0" encoding="UTF-8"?>
<!-- Generated by org.testng.reporters.JUnitReportReporter -->
<testsuite skipped="0" hostname="FBNBYZ1" name="com.webdriverio.tests.TestWebdriverIoApiPage" tests="1" failures="0" timestamp="21 May 2017 23:55:51 GMT" time="8.422" errors="0">
  <testcase name="verifyAPIPage" time="8.422" classname="com.webdriverio.tests.TestWebdriverIoApiPage"/>
</testsuite> <!-- com.webdriverio.tests.TestWebdriverIoApiPage -->
