<?xml version="1.0" encoding="UTF-8"?>
<!-- Generated by org.testng.reporters.JUnitReportReporter -->
<testsuite skipped="0" hostname="FBNBYZ1" name="com.webdriverio.tests.TestWebdriverIoAPI" tests="1" failures="0" timestamp="21 May 2017 01:54:16 GMT" time="2.050" errors="0">
  <testcase name="verifyAPIPage" time="2.050" classname="com.webdriverio.tests.TestWebdriverIoAPI"/>
</testsuite> <!-- com.webdriverio.tests.TestWebdriverIoAPI -->
